[23:32:22 pid=222728] BOOT python=C:\Program Files\Python312\python.exe cwd=D:\BaiduSyncdisk\repos\AITP-Research-Protocol
[23:32:22 pid=222728] importing brain.mcp_server ...
[23:32:24 pid=222728] imported, found tools
[23:32:24 pid=222728] main() entered
[23:32:52 pid=222728] got: EOF
[23:34:26 pid=51332] BOOT python=C:\Program Files\Python312\python.exe cwd=D:\BaiduSyncdisk\repos\AITP-Research-Protocol
[23:34:26 pid=51332] importing brain.mcp_server ...
[23:34:27 pid=51332] imported, found tools
[23:34:27 pid=51332] main() entered
[23:34:27 pid=51332] got: EOF
[23:36:20 pid=217748] BOOT python=C:\Program Files\Python312\python.exe cwd=D:\BaiduSyncdisk\repos\AITP-Research-Protocol
[23:36:20 pid=217748] importing brain.mcp_server ...
[23:36:21 pid=217748] imported, found tools
[23:36:21 pid=217748] main() entered
[23:36:21 pid=217748] got: initialize
[23:36:21 pid=217748] got: notifications/initialized
[23:36:21 pid=217748] got: tools/list
[23:36:21 pid=217748] got: EOF
[23:49:37 pid=17748] BOOT python=C:\Program Files\Python312\python.exe cwd=D:\BaiduSyncdisk\repos\AITP-Research-Protocol
[23:49:37 pid=17748] importing brain.mcp_server ...
[23:49:38 pid=17748] imported, found tools
[23:49:38 pid=17748] main() entered
[23:49:38 pid=17748] got: initialize
[23:49:38 pid=17748] got: notifications/initialized
[23:49:38 pid=17748] got: tools/list
[23:49:38 pid=17748] got: ping
[23:49:38 pid=17748] got: tools/call
[23:49:38 pid=17748] tools/call: aitp_health_check
[23:49:38 pid=17748] got: EOF
[23:50:46 pid=30408] BOOT python=C:\Program Files\Python312\python.exe cwd=D:\BaiduSyncdisk\repos\AITP-Research-Protocol
[23:50:46 pid=30408] importing brain.mcp_server ...
[23:50:47 pid=30408] imported, found tools
[23:50:47 pid=30408] main() entered
[23:50:47 pid=30408] got: initialize
[23:50:47 pid=30408] got: tools/list
[23:50:47 pid=30408] got: EOF
[23:50:47 pid=214188] BOOT python=C:\Program Files\Python312\python.exe cwd=D:\BaiduSyncdisk\repos\AITP-Research-Protocol
[23:50:47 pid=214188] importing brain.mcp_server ...
[23:50:48 pid=214188] imported, found tools
[23:50:48 pid=214188] main() entered
[23:50:48 pid=214188] got: initialize
[23:50:48 pid=214188] got: some/unknown_method
[23:50:48 pid=214188] got: EOF
[23:50:48 pid=86956] BOOT python=C:\Program Files\Python312\python.exe cwd=D:\BaiduSyncdisk\repos\AITP-Research-Protocol
[23:50:48 pid=86956] importing brain.mcp_server ...
[23:50:49 pid=86956] imported, found tools
[23:50:49 pid=86956] main() entered
[23:50:49 pid=86956] got: initialize
[23:50:49 pid=86956] got: tools/call
[23:50:49 pid=86956] tools/call: nonexistent_tool
[23:50:49 pid=86956] got: EOF
[23:50:49 pid=231472] BOOT python=C:\Program Files\Python312\python.exe cwd=D:\BaiduSyncdisk\repos\AITP-Research-Protocol
[23:50:49 pid=231472] importing brain.mcp_server ...
[23:50:50 pid=231472] imported, found tools
[23:50:50 pid=231472] main() entered
[23:50:50 pid=231472] got: initialize
[23:50:50 pid=231472] got: notifications/initialized
[23:50:50 pid=231472] got: EOF
[23:51:27 pid=264064] BOOT python=C:\Program Files\Python312\python.exe cwd=D:\BaiduSyncdisk\repos\AITP-Research-Protocol
[23:51:27 pid=264064] importing brain.mcp_server ...
[23:51:28 pid=264064] imported, found tools
[23:51:28 pid=264064] main() entered
[23:51:28 pid=264064] got: initialize
[23:51:28 pid=264064] got: tools/call
[23:51:28 pid=264064] tools/call: aitp_list_topics
[23:51:28 pid=264064] got: EOF
[23:52:00 pid=226572] BOOT python=C:\Program Files\Python312\python.exe cwd=D:\BaiduSyncdisk\repos\AITP-Research-Protocol
[23:52:00 pid=226572] importing brain.mcp_server ...
[23:52:01 pid=226572] imported, found tools
[23:52:01 pid=226572] main() entered
[23:52:01 pid=226572] got: initialize
[23:52:01 pid=226572] got: tools/call
[23:52:01 pid=226572] tools/call: aitp_list_topics
[23:52:01 pid=226572] got: EOF
[23:52:02 pid=1064] BOOT python=C:\Program Files\Python312\python.exe cwd=D:\BaiduSyncdisk\repos\AITP-Research-Protocol
[23:52:02 pid=1064] importing brain.mcp_server ...
[23:52:02 pid=1064] imported, found tools
[23:52:02 pid=1064] main() entered
[23:52:02 pid=1064] got: initialize
[23:52:02 pid=1064] got: tools/call
[23:52:02 pid=1064] tools/call: aitp_get_status
[23:52:02 pid=1064] tools/call ERROR: Traceback (most recent call last):
  File "D:\BaiduSyncdisk\repos\AITP-Research-Protocol\brain\native_mcp.py", line 220, in _handle_request
    result = func(**arguments)
             ^^^^^^^^^^^^^^^^^
TypeError: aitp_get_status() missing 1 required positional argument: 'topic_slug'

[23:52:02 pid=1064] got: EOF
[23:52:03 pid=186472] BOOT python=C:\Program Files\Python312\python.exe cwd=D:\BaiduSyncdisk\repos\AITP-Research-Protocol
[23:52:03 pid=186472] importing brain.mcp_server ...
[23:52:04 pid=186472] imported, found tools
[23:52:04 pid=186472] main() entered
[23:52:04 pid=186472] got: initialize
[23:52:04 pid=186472] got: tools/call
[23:52:04 pid=186472] tools/call: aitp_get_status
[23:52:04 pid=186472] tools/call ERROR: Traceback (most recent call last):
  File "D:\BaiduSyncdisk\repos\AITP-Research-Protocol\brain\native_mcp.py", line 220, in _handle_request
    result = func(**arguments)
             ^^^^^^^^^^^^^^^^^
  File "D:\BaiduSyncdisk\repos\AITP-Research-Protocol\brain\mcp_server.py", line 413, in aitp_get_
[23:52:04 pid=186472] got: EOF
[23:52:47 pid=257128] BOOT python=C:\Program Files\Python312\python.exe cwd=D:\BaiduSyncdisk\repos\AITP-Research-Protocol
[23:52:47 pid=257128] importing brain.mcp_server ...
[23:52:48 pid=257128] imported, found tools
[23:52:48 pid=257128] main() entered
[23:52:48 pid=257128] got: initialize
[23:52:48 pid=257128] got: notifications/initialized
[23:52:48 pid=257128] got: tools/list
[23:52:48 pid=257128] got: tools/call
[23:52:48 pid=257128] tools/call: aitp_list_topics
[23:52:48 pid=257128] got: tools/call
[23:52:48 pid=257128] tools/call: aitp_health_check
[23:52:49 pid=257128] got: tools/call
[23:52:49 pid=257128] tools/call: aitp_session_resume
[23:52:49 pid=257128] tools/call ERROR: Traceback (most recent call last):
  File "D:\BaiduSyncdisk\repos\AITP-Research-Protocol\brain\native_mcp.py", line 220, in _handle_request
    result = func(**arguments)
             ^^^^^^^^^^^^^^^^^
TypeError: aitp_session_resume() missing 1 required positional argument: 'topic_slug'

[23:52:49 pid=257128] got: EOF
[23:53:30 pid=253428] BOOT python=C:\Program Files\Python312\python.exe cwd=D:\BaiduSyncdisk\repos\AITP-Research-Protocol
[23:53:30 pid=253428] importing brain.mcp_server ...
[23:53:31 pid=253428] imported, found tools
[23:53:31 pid=253428] main() entered
[23:53:31 pid=253428] got: initialize
[23:53:31 pid=253428] got: tools/call
[23:53:31 pid=253428] tools/call: aitp_session_resume
[23:53:31 pid=253428] tools/call ERROR: Traceback (most recent call last):
  File "D:\BaiduSyncdisk\repos\AITP-Research-Protocol\brain\native_mcp.py", line 220, in _handle_request
    result = func(**arguments)
             ^^^^^^^^^^^^^^^^^
  File "D:\BaiduSyncdisk\repos\AITP-Research-Protocol\brain\mcp_server.py", line 2341, in aitp_ses
[23:53:31 pid=253428] got: EOF
[23:54:07 pid=263640] BOOT python=C:\Program Files\Python312\python.exe cwd=D:\BaiduSyncdisk\repos\AITP-Research-Protocol
[23:54:07 pid=263640] importing brain.mcp_server ...
[23:54:09 pid=263640] imported, found tools
[23:54:09 pid=263640] main() entered
[23:54:37 pid=263640] got: EOF
[23:59:39 pid=112800] BOOT python=C:\Program Files\Python312\python.exe cwd=D:\BaiduSyncdisk\repos\AITP-Research-Protocol
[23:59:39 pid=112800] importing brain.mcp_server ...
[23:59:40 pid=112800] imported, found tools
[23:59:40 pid=112800] main() entered
[23:59:40 pid=112800] got: initialize
[23:59:40 pid=112800] got: tools/list
[23:59:40 pid=112800] got: EOF
[00:07:36 pid=90728] BOOT python=C:\Program Files\Python312\python.exe cwd=D:\BaiduSyncdisk\repos\AITP-Research-Protocol
[00:07:36 pid=90728] importing brain.mcp_server ...
[00:07:37 pid=90728] imported, found tools
[00:07:37 pid=90728] main() entered
[00:07:37 pid=90728] got: initialize
[00:07:37 pid=90728] got: notifications/initialized
[00:07:37 pid=90728] got: tools/list
[00:07:37 pid=90728] got: tools/call
[00:07:37 pid=90728] tools/call: aitp_list_topics
[00:07:37 pid=90728] got: tools/call
[00:07:37 pid=90728] tools/call: aitp_get_status
[00:07:37 pid=90728] got: EOF
[00:16:52 pid=266208] BOOT python=C:\Program Files\Python312\python.exe cwd=D:\BaiduSyncdisk\repos\AITP-Research-Protocol
[00:16:52 pid=266208] importing brain.mcp_server ...
[00:16:53 pid=266208] imported, found tools
[00:16:53 pid=266208] main() entered
[00:16:53 pid=266208] got: initialize
[00:16:53 pid=266208] got: tools/list
[00:16:53 pid=266208] got: EOF
[00:16:56 pid=141288] BOOT python=C:\Program Files\Python312\python.exe cwd=D:\BaiduSyncdisk\repos\AITP-Research-Protocol
[00:16:56 pid=141288] importing brain.mcp_server ...
[00:16:57 pid=141288] imported, found tools
[00:16:57 pid=141288] main() entered
[00:16:57 pid=141288] got: initialize
[00:16:57 pid=141288] got: tools/call
[00:16:57 pid=141288] tools/call: aitp_list_topics
[00:16:57 pid=141288] got: EOF
[00:17:37 pid=49612] BOOT python=C:\Program Files\Python312\python.exe cwd=D:\BaiduSyncdisk\repos\AITP-Research-Protocol
[00:17:37 pid=49612] importing brain.mcp_server ...
[00:17:38 pid=49612] imported, found tools
[00:17:38 pid=49612] main() entered
[00:17:38 pid=49612] got: initialize
[00:17:38 pid=49612] got: tools/list
[00:17:38 pid=49612] got: EOF
[00:21:37 pid=29240] BOOT python=C:\Program Files\Python312\python.exe cwd=D:\BaiduSyncdisk\repos\AITP-Research-Protocol
[00:21:37 pid=29240] importing brain.mcp_server ...
[00:21:38 pid=29240] imported, found tools
[00:21:38 pid=29240] main() entered
[00:21:38 pid=29240] got: initialize
[00:21:38 pid=29240] got: tools/list
[00:21:38 pid=29240] got: EOF
[00:37:08 pid=111544] BOOT python=C:\Program Files\Python312\python.exe cwd=D:\BaiduSyncdisk\repos\AITP-Research-Protocol
[00:37:08 pid=111544] importing brain.mcp_server ...
[00:37:09 pid=111544] imported, found tools
[00:37:09 pid=111544] main() entered
[00:37:09 pid=111544] got: initialize
[00:37:09 pid=111544] got: tools/list
[00:37:09 pid=111544] got: EOF
[00:37:50 pid=9560] BOOT python=C:\Program Files\Python312\python.exe cwd=D:\BaiduSyncdisk\repos\AITP-Research-Protocol
[00:37:50 pid=9560] importing brain.mcp_server ...
[00:37:51 pid=9560] imported, found tools
[00:37:51 pid=9560] main() entered
[00:37:51 pid=9560] got: initialize
[00:37:51 pid=9560] got: EOF
[00:39:37 pid=174120] BOOT python=C:\Program Files\Python312\python.exe cwd=D:\BaiduSyncdisk\Theoretical-Physics
[00:39:37 pid=174120] importing brain.mcp_server ...
[00:39:38 pid=174120] imported, found tools
[00:39:38 pid=174120] main() entered
[00:39:38 pid=174120] got: initialize
[00:39:38 pid=174120] got: notifications/initialized
[00:39:38 pid=174120] got: tools/list
[00:39:38 pid=174120] got: tools/call
[00:39:38 pid=174120] tools/call: aitp_list_topics
[00:39:38 pid=174120] got: EOF
[00:41:28 pid=214048] BOOT python=C:\Program Files\Python312\python.exe cwd=D:\BaiduSyncdisk\Theoretical-Physics
[00:41:28 pid=214048] importing brain.mcp_server ...
[00:41:30 pid=214048] imported, found tools
[00:41:30 pid=214048] main() entered
[00:41:58 pid=214048] got: EOF
[00:41:58 pid=89864] BOOT python=C:\Program Files\Python312\python.exe cwd=D:\BaiduSyncdisk\Theoretical-Physics
[00:41:58 pid=89864] importing brain.mcp_server ...
[00:41:59 pid=89864] imported, found tools
[00:41:59 pid=89864] main() entered
[00:42:28 pid=89864] got: EOF
[00:42:28 pid=17976] BOOT python=C:\Program Files\Python312\python.exe cwd=D:\BaiduSyncdisk\Theoretical-Physics
[00:42:28 pid=17976] importing brain.mcp_server ...
[00:42:30 pid=17976] imported, found tools
[00:42:30 pid=17976] main() entered
[00:42:58 pid=17976] got: EOF
[00:43:08 pid=196292] BOOT python=C:\Program Files\Python312\python.exe cwd=D:\BaiduSyncdisk\Theoretical-Physics
[00:43:08 pid=196292] importing brain.mcp_server ...
[00:43:09 pid=196292] imported, found tools
[00:43:09 pid=196292] main() entered
[00:43:09 pid=196292] got: initialize
[00:43:09 pid=196292] got: EOF
[00:47:06 pid=154484] BOOT python=C:\Program Files\Python312\python.exe cwd=D:\BaiduSyncdisk\Theoretical-Physics
[00:47:06 pid=154484] importing brain.mcp_server ...
[00:47:07 pid=154484] imported, found tools
[00:47:07 pid=154484] main() entered
[00:47:37 pid=41796] BOOT python=C:\Program Files\Python312\python.exe cwd=D:\BaiduSyncdisk\Theoretical-Physics
[00:47:37 pid=41796] importing brain.mcp_server ...
[00:47:38 pid=41796] imported, found tools
[00:47:38 pid=41796] main() entered
[00:48:07 pid=41796] got: EOF
[00:52:02 pid=186004] BOOT python=C:\Program Files\Python312\python.exe cwd=D:\BaiduSyncdisk\Theoretical-Physics
[00:52:02 pid=186004] importing brain.mcp_server ...
[00:52:03 pid=186004] imported, found tools
[00:52:03 pid=186004] main() entered
[00:56:50 pid=223912] BOOT python=C:\Program Files\Python312\python.exe cwd=D:\BaiduSyncdisk\Theoretical-Physics
[00:56:50 pid=223912] importing brain.mcp_server ...
[00:56:51 pid=223912] imported, found tools
[00:56:51 pid=223912] main() entered
[00:57:20 pid=223912] got: EOF
[01:02:33 pid=211944] BOOT python=C:\Program Files\Python312\python.exe cwd=D:\BaiduSyncdisk\Theoretical-Physics
[01:02:33 pid=211944] importing brain.mcp_server ...
[01:02:35 pid=211944] imported, found tools
[01:02:35 pid=211944] main() entered
[01:03:03 pid=211944] got: EOF
[01:10:11 pid=146696] BOOT python=C:\Program Files\Python312\python.exe cwd=D:\BaiduSyncdisk\Theoretical-Physics
[01:10:11 pid=146696] importing brain.mcp_server ...
[01:10:13 pid=146696] imported, found tools
[01:10:13 pid=146696] main() entered
[01:10:41 pid=146696] got: EOF
[01:10:41 pid=119284] BOOT python=C:\Program Files\Python312\python.exe cwd=D:\BaiduSyncdisk\Theoretical-Physics
[01:10:41 pid=119284] importing brain.mcp_server ...
[01:10:42 pid=119284] imported, found tools
[01:10:42 pid=119284] main() entered
[01:11:11 pid=119284] got: EOF
[01:12:48 pid=86800] BOOT python=C:\Program Files\Python312\python.exe cwd=D:\BaiduSyncdisk\Theoretical-Physics
[01:12:48 pid=86800] importing brain.mcp_server ...
[01:12:50 pid=86800] imported, found tools
[01:12:50 pid=86800] main() entered
[01:13:18 pid=86800] got: EOF
[01:18:15 pid=268108] BOOT python=C:\Program Files\Python312\python.exe cwd=D:\BaiduSyncdisk\Theoretical-Physics
[01:18:15 pid=268108] importing brain.mcp_server ...
[01:18:16 pid=268108] imported, found tools
[01:18:16 pid=268108] main() entered
[01:18:33 pid=255196] BOOT python=C:\Program Files\Python312\python.exe cwd=D:\BaiduSyncdisk\Theoretical-Physics
[01:18:33 pid=255196] importing brain.mcp_server ...
[01:18:34 pid=255196] imported, found tools
[01:18:34 pid=255196] main() entered
[01:18:45 pid=268108] got: EOF
[01:19:03 pid=255196] got: EOF
[01:20:56 pid=220760] BOOT python=C:\Program Files\Python312\python.exe cwd=D:\BaiduSyncdisk\Theoretical-Physics
[01:20:56 pid=220760] importing brain.mcp_server ...
[01:20:57 pid=220760] imported, found tools
[01:20:57 pid=220760] main() entered
[01:20:57 pid=220760] got: initialize
[01:20:57 pid=220760] got: tools/list
[01:20:57 pid=220760] got: EOF
[01:23:12 pid=266920] BOOT python=C:\Program Files\Python312\python.exe cwd=D:\BaiduSyncdisk\Theoretical-Physics
[01:23:12 pid=266920] importing brain.mcp_server ...
[01:23:13 pid=266920] imported, found tools
[01:23:13 pid=266920] main() entered
[01:23:25 pid=266920] got: EOF
[01:23:32 pid=265044] BOOT python=C:\Program Files\Python312\python.exe cwd=D:\BaiduSyncdisk\Theoretical-Physics
[01:23:32 pid=265044] importing brain.mcp_server ...
[01:23:34 pid=265044] imported, found tools
[01:23:34 pid=265044] main() entered
[01:24:02 pid=265044] got: EOF
[14:47:15 pid=777408] BOOT python=C:\Program Files\Python312\python.exe cwd=D:\BaiduSyncdisk\repos\AITP-Research-Protocol
[14:47:15 pid=777408] importing brain.mcp_server ...
[14:47:18 pid=777408] imported, found tools
[14:47:18 pid=777408] main() entered
[14:47:18 pid=777408] got: initialize
[14:47:18 pid=777408] got: tools/call
[14:47:18 pid=777408] tools/call: aitp_health_check
[14:47:18 pid=777408] got: EOF
